<?xml version="1.0" encoding="UTF-8"?>
<testng-results skipped="0" failed="0" total="2" passed="2">
  <reporter-output>
  </reporter-output>
  <suite name="Default suite" duration-ms="1961" started-at="2016-05-17T10:34:42Z" finished-at="2016-05-17T10:34:44Z">
    <groups>
    </groups>
    <test name="Default test" duration-ms="1961" started-at="2016-05-17T10:34:42Z" finished-at="2016-05-17T10:34:44Z">
      <class name="interfaceTestCase.BingQiongFromExcel">
        <test-method status="PASS" signature="beforeClass()[pri:0, instance:interfaceTestCase.BingQiongFromExcel@724af044]" name="beforeClass" is-config="true" duration-ms="13" started-at="2016-05-17T18:34:42Z" finished-at="2016-05-17T18:34:42Z">
          <reporter-output>
          </reporter-output>
        </test-method> <!-- beforeClass -->
        <test-method status="PASS" signature="test001(model.TestDataExcel)[pri:0, instance:interfaceTestCase.BingQiongFromExcel@724af044]" name="test001" duration-ms="1163" started-at="2016-05-17T18:34:43Z" data-provider="test1" finished-at="2016-05-17T18:34:44Z">
          <params>
            <param index="0">
              <value>
                <![CDATA[model.TestDataExcel@49139829]]>
              </value>
            </param>
          </params>
          <reporter-output>
          </reporter-output>
        </test-method> <!-- test001 -->
        <test-method status="PASS" signature="test001(model.TestDataExcel)[pri:0, instance:interfaceTestCase.BingQiongFromExcel@724af044]" name="test001" duration-ms="43" started-at="2016-05-17T18:34:44Z" data-provider="test1" finished-at="2016-05-17T18:34:44Z">
          <params>
            <param index="0">
              <value>
                <![CDATA[model.TestDataExcel@639c2c1d]]>
              </value>
            </param>
          </params>
          <reporter-output>
          </reporter-output>
        </test-method> <!-- test001 -->
      </class> <!-- interfaceTestCase.BingQiongFromExcel -->
    </test> <!-- Default test -->
  </suite> <!-- Default suite -->
</testng-results>
