<?xml version="1.0" encoding="UTF-8"?>
<!-- Generated by org.testng.reporters.JUnitXMLReporter -->
<testsuite hostname="DN0931" name="test12" tests="8" failures="0" timestamp="16 May 2016 06:19:37 GMT" time="3.021" errors="0">
  <testcase name="getSmsCode" time="2.314" classname="interfaceTestCase.BingQiongSDK"/>
  <testcase name="registerUser" time="0.059" classname="interfaceTestCase.BingQiongSDK"/>
  <testcase name="getAuthCode" time="0.029" classname="interfaceTestCase.BingQiongSDK"/>
  <testcase name="getLoginToken" time="0.333" classname="interfaceTestCase.BingQiongSDK"/>
  <testcase name="getUserInfoByToken" time="0.036" classname="interfaceTestCase.BingQiongSDK"/>
  <testcase name="getPwdSmsCode" time="0.107" classname="interfaceTestCase.BingQiongSDK"/>
  <testcase name="verifySmsCode" time="0.036" classname="interfaceTestCase.BingQiongSDK"/>
  <testcase name="resetPassword" time="0.044" classname="interfaceTestCase.BingQiongSDK"/>
</testsuite> <!-- test12 -->
